<?xml version="1.0" encoding="UTF-8"?>
<testsuite name="com.example.project.TestInsertionSort" tests="6" skipped="0" failures="0" errors="0" timestamp="2025-02-27T13:36:33" hostname="codespaces-0e63d6" time="0.188">
  <properties/>
  <testcase name="testInsertionSort_EmptyArray()" classname="com.example.project.TestInsertionSort" time="0.006"/>
  <testcase name="testInsertionSort_ReverseSortedArray()" classname="com.example.project.TestInsertionSort" time="0.05"/>
  <testcase name="testInsertionSort_UnsortedArray()" classname="com.example.project.TestInsertionSort" time="0.002"/>
  <testcase name="testInsertionSort_AlreadySortedArray()" classname="com.example.project.TestInsertionSort" time="0.002"/>
  <testcase name="testInsertionSort_SingleElementArray()" classname="com.example.project.TestInsertionSort" time="0.0"/>
  <testcase name="testSelectionSort_Words()" classname="com.example.project.TestInsertionSort" time="0.111"/>
  <system-out><![CDATA[SWAP: 5 and 4
[5, 4, 3, 2, 1]
[4, 5, 3, 2, 1]
SWAP: 5 and 3
[4, 5, 3, 2, 1]
[4, 3, 5, 2, 1]
SWAP: 4 and 3
[4, 3, 5, 2, 1]
[3, 4, 5, 2, 1]
SWAP: 5 and 2
[3, 4, 5, 2, 1]
[3, 4, 2, 5, 1]
SWAP: 4 and 2
[3, 4, 2, 5, 1]
[3, 2, 4, 5, 1]
SWAP: 3 and 2
[3, 2, 4, 5, 1]
[2, 3, 4, 5, 1]
SWAP: 5 and 1
[2, 3, 4, 5, 1]
[2, 3, 4, 1, 5]
SWAP: 4 and 1
[2, 3, 4, 1, 5]
[2, 3, 1, 4, 5]
SWAP: 3 and 1
[2, 3, 1, 4, 5]
[2, 1, 3, 4, 5]
SWAP: 2 and 1
[2, 1, 3, 4, 5]
[1, 2, 3, 4, 5]
SWAP: 5 and 2
[5, 2, 9, 1, 5]
[2, 5, 9, 1, 5]
SWAP: 9 and 1
[2, 5, 9, 1, 5]
[2, 5, 1, 9, 5]
SWAP: 5 and 1
[2, 5, 1, 9, 5]
[2, 1, 5, 9, 5]
SWAP: 2 and 1
[2, 1, 5, 9, 5]
[1, 2, 5, 9, 5]
SWAP: 9 and 5
[1, 2, 5, 9, 5]
[1, 2, 5, 5, 9]
]]></system-out>
  <system-err><![CDATA[]]></system-err>
</testsuite>
